{"C:\\Git-repos\\B7-1-Testad-Wordle-algoritm\\wordle.js": {"path":"C:\\Git-repos\\B7-1-Testad-Wordle-algoritm\\wordle.js","statementMap":{"0":{"start":{"line":2,"column":15},"end":{"line":2,"column":17}},"1":{"start":{"line":3,"column":23},"end":{"line":3,"column":25}},"2":{"start":{"line":4,"column":2},"end":{"line":13,"column":3}},"3":{"start":{"line":4,"column":15},"end":{"line":4,"column":16}},"4":{"start":{"line":5,"column":17},"end":{"line":5,"column":28}},"5":{"start":{"line":6,"column":4},"end":{"line":11,"column":5}},"6":{"start":{"line":6,"column":17},"end":{"line":6,"column":18}},"7":{"start":{"line":7,"column":6},"end":{"line":10,"column":7}},"8":{"start":{"line":8,"column":8},"end":{"line":8,"column":27}},"9":{"start":{"line":9,"column":8},"end":{"line":9,"column":45}},"10":{"start":{"line":12,"column":4},"end":{"line":12,"column":49}},"11":{"start":{"line":14,"column":2},"end":{"line":18,"column":3}},"12":{"start":{"line":14,"column":15},"end":{"line":14,"column":16}},"13":{"start":{"line":15,"column":4},"end":{"line":17,"column":5}},"14":{"start":{"line":16,"column":6},"end":{"line":16,"column":37}},"15":{"start":{"line":19,"column":2},"end":{"line":19,"column":16}}},"fnMap":{"0":{"name":"wordle","decl":{"start":{"line":1,"column":24},"end":{"line":1,"column":30}},"loc":{"start":{"line":1,"column":42},"end":{"line":20,"column":1}},"line":1}},"branchMap":{"0":{"loc":{"start":{"line":7,"column":6},"end":{"line":10,"column":7}},"type":"if","locations":[{"start":{"line":7,"column":6},"end":{"line":10,"column":7}},{"start":{},"end":{}}],"line":7},"1":{"loc":{"start":{"line":7,"column":10},"end":{"line":7,"column":53}},"type":"binary-expr","locations":[{"start":{"line":7,"column":10},"end":{"line":7,"column":42}},{"start":{"line":7,"column":46},"end":{"line":7,"column":53}}],"line":7},"2":{"loc":{"start":{"line":15,"column":4},"end":{"line":17,"column":5}},"type":"if","locations":[{"start":{"line":15,"column":4},"end":{"line":17,"column":5}},{"start":{},"end":{}}],"line":15},"3":{"loc":{"start":{"line":15,"column":8},"end":{"line":15,"column":78}},"type":"binary-expr","locations":[{"start":{"line":15,"column":8},"end":{"line":15,"column":36}},{"start":{"line":15,"column":40},"end":{"line":15,"column":78}}],"line":15}},"s":{"0":5,"1":5,"2":5,"3":5,"4":25,"5":25,"6":25,"7":125,"8":9,"9":9,"10":25,"11":5,"12":5,"13":25,"14":4,"15":5},"f":{"0":5},"b":{"0":[9,116],"1":[125,18],"2":[4,21],"3":[25,14]},"_coverageSchema":"1a1c01bbd47fc00a2c39e90264f33305004495a9","hash":"b0002542009369d828757cf59c80c3ef70ca5bf3"}
}
